checking for --enable-debug-build option... -------------------- no

--------------------

try_compiler_option: checking for -Wall option to compiler... -------------------- yes

"gcc -o conftest -I/usr/share/rvm/rubies/ruby-2.5.1/include/ruby-2.5.0/x86_64-linux -I/usr/share/rvm/rubies/ruby-2.5.1/include/ruby-2.5.0/ruby/backward -I/usr/share/rvm/rubies/ruby-2.5.1/include/ruby-2.5.0 -I.    -O3 -ggdb3 -Wall -Wextra -Wno-unused-parameter -Wno-parentheses -Wno-long-long -Wno-missing-field-initializers -Wno-tautological-compare -Wno-parentheses-equality -Wno-constant-logical-operand -Wno-self-assign -Wunused-variable -Wimplicit-int -Wpointer-arith -Wwrite-strings -Wdeclaration-after-statement -Wimplicit-function-declaration -Wdeprecated-declarations -Wmisleading-indentation -Wno-packed-bitfield-compat -Wsuggest-attribute=noreturn -Wsuggest-attribute=format -Wimplicit-fallthrough=0 -Wduplicated-cond -Wrestrict  -fPIC conftest.c  -L. -L/usr/share/rvm/rubies/ruby-2.5.1/lib -Wl,-rpath,/usr/share/rvm/rubies/ruby-2.5.1/lib -L. -fstack-protector -rdynamic -Wl,-export-dynamic     -Wl,-rpath,'/../lib' -Wl,-rpath,'/../lib' -lruby  -lpthread -lgmp -ldl -lcrypt -lm   -lc"
checked program was:
/* begin */
1: #include "ruby.h"
2: 
3: int main(int argc, char **argv)
4: {
5:   return 0;
6: }
/* end */

"gcc -I/usr/share/rvm/rubies/ruby-2.5.1/include/ruby-2.5.0/x86_64-linux -I/usr/share/rvm/rubies/ruby-2.5.1/include/ruby-2.5.0/ruby/backward -I/usr/share/rvm/rubies/ruby-2.5.1/include/ruby-2.5.0 -I.    -O3 -ggdb3 -Wall -Wextra -Wno-unused-parameter -Wno-parentheses -Wno-long-long -Wno-missing-field-initializers -Wno-tautological-compare -Wno-parentheses-equality -Wno-constant-logical-operand -Wno-self-assign -Wunused-variable -Wimplicit-int -Wpointer-arith -Wwrite-strings -Wdeclaration-after-statement -Wimplicit-function-declaration -Wdeprecated-declarations -Wmisleading-indentation -Wno-packed-bitfield-compat -Wsuggest-attribute=noreturn -Wsuggest-attribute=format -Wimplicit-fallthrough=0 -Wduplicated-cond -Wrestrict  -fPIC  -Wall -Werror -c conftest.c"
checked program was:
/* begin */
1: #include "ruby.h"
/* end */

--------------------

try_compiler_option: checking for -Waggregate-return option to compiler... -------------------- yes

"gcc -I/usr/share/rvm/rubies/ruby-2.5.1/include/ruby-2.5.0/x86_64-linux -I/usr/share/rvm/rubies/ruby-2.5.1/include/ruby-2.5.0/ruby/backward -I/usr/share/rvm/rubies/ruby-2.5.1/include/ruby-2.5.0 -I.    -O3 -ggdb3 -Wall -Wextra -Wno-unused-parameter -Wno-parentheses -Wno-long-long -Wno-missing-field-initializers -Wno-tautological-compare -Wno-parentheses-equality -Wno-constant-logical-operand -Wno-self-assign -Wunused-variable -Wimplicit-int -Wpointer-arith -Wwrite-strings -Wdeclaration-after-statement -Wimplicit-function-declaration -Wdeprecated-declarations -Wmisleading-indentation -Wno-packed-bitfield-compat -Wsuggest-attribute=noreturn -Wsuggest-attribute=format -Wimplicit-fallthrough=0 -Wduplicated-cond -Wrestrict  -fPIC -Wall  -Waggregate-return -Werror -c conftest.c"
checked program was:
/* begin */
1: #include "ruby.h"
/* end */

--------------------

try_compiler_option: checking for -Wcast-align option to compiler... -------------------- yes

"gcc -I/usr/share/rvm/rubies/ruby-2.5.1/include/ruby-2.5.0/x86_64-linux -I/usr/share/rvm/rubies/ruby-2.5.1/include/ruby-2.5.0/ruby/backward -I/usr/share/rvm/rubies/ruby-2.5.1/include/ruby-2.5.0 -I.    -O3 -ggdb3 -Wall -Wextra -Wno-unused-parameter -Wno-parentheses -Wno-long-long -Wno-missing-field-initializers -Wno-tautological-compare -Wno-parentheses-equality -Wno-constant-logical-operand -Wno-self-assign -Wunused-variable -Wimplicit-int -Wpointer-arith -Wwrite-strings -Wdeclaration-after-statement -Wimplicit-function-declaration -Wdeprecated-declarations -Wmisleading-indentation -Wno-packed-bitfield-compat -Wsuggest-attribute=noreturn -Wsuggest-attribute=format -Wimplicit-fallthrough=0 -Wduplicated-cond -Wrestrict  -fPIC -Wall -Waggregate-return  -Wcast-align -Werror -c conftest.c"
checked program was:
/* begin */
1: #include "ruby.h"
/* end */

--------------------

try_compiler_option: checking for -Wextra option to compiler... -------------------- yes

"gcc -I/usr/share/rvm/rubies/ruby-2.5.1/include/ruby-2.5.0/x86_64-linux -I/usr/share/rvm/rubies/ruby-2.5.1/include/ruby-2.5.0/ruby/backward -I/usr/share/rvm/rubies/ruby-2.5.1/include/ruby-2.5.0 -I.    -O3 -ggdb3 -Wall -Wextra -Wno-unused-parameter -Wno-parentheses -Wno-long-long -Wno-missing-field-initializers -Wno-tautological-compare -Wno-parentheses-equality -Wno-constant-logical-operand -Wno-self-assign -Wunused-variable -Wimplicit-int -Wpointer-arith -Wwrite-strings -Wdeclaration-after-statement -Wimplicit-function-declaration -Wdeprecated-declarations -Wmisleading-indentation -Wno-packed-bitfield-compat -Wsuggest-attribute=noreturn -Wsuggest-attribute=format -Wimplicit-fallthrough=0 -Wduplicated-cond -Wrestrict  -fPIC -Wall -Waggregate-return -Wcast-align  -Wextra -Werror -c conftest.c"
checked program was:
/* begin */
1: #include "ruby.h"
/* end */

--------------------

try_compiler_option: checking for -Wformat=2 option to compiler... -------------------- yes

"gcc -I/usr/share/rvm/rubies/ruby-2.5.1/include/ruby-2.5.0/x86_64-linux -I/usr/share/rvm/rubies/ruby-2.5.1/include/ruby-2.5.0/ruby/backward -I/usr/share/rvm/rubies/ruby-2.5.1/include/ruby-2.5.0 -I.    -O3 -ggdb3 -Wall -Wextra -Wno-unused-parameter -Wno-parentheses -Wno-long-long -Wno-missing-field-initializers -Wno-tautological-compare -Wno-parentheses-equality -Wno-constant-logical-operand -Wno-self-assign -Wunused-variable -Wimplicit-int -Wpointer-arith -Wwrite-strings -Wdeclaration-after-statement -Wimplicit-function-declaration -Wdeprecated-declarations -Wmisleading-indentation -Wno-packed-bitfield-compat -Wsuggest-attribute=noreturn -Wsuggest-attribute=format -Wimplicit-fallthrough=0 -Wduplicated-cond -Wrestrict  -fPIC -Wall -Waggregate-return -Wcast-align -Wextra  -Wformat=2 -Werror -c conftest.c"
checked program was:
/* begin */
1: #include "ruby.h"
/* end */

--------------------

try_compiler_option: checking for -Winit-self option to compiler... -------------------- yes

"gcc -I/usr/share/rvm/rubies/ruby-2.5.1/include/ruby-2.5.0/x86_64-linux -I/usr/share/rvm/rubies/ruby-2.5.1/include/ruby-2.5.0/ruby/backward -I/usr/share/rvm/rubies/ruby-2.5.1/include/ruby-2.5.0 -I.    -O3 -ggdb3 -Wall -Wextra -Wno-unused-parameter -Wno-parentheses -Wno-long-long -Wno-missing-field-initializers -Wno-tautological-compare -Wno-parentheses-equality -Wno-constant-logical-operand -Wno-self-assign -Wunused-variable -Wimplicit-int -Wpointer-arith -Wwrite-strings -Wdeclaration-after-statement -Wimplicit-function-declaration -Wdeprecated-declarations -Wmisleading-indentation -Wno-packed-bitfield-compat -Wsuggest-attribute=noreturn -Wsuggest-attribute=format -Wimplicit-fallthrough=0 -Wduplicated-cond -Wrestrict  -fPIC -Wall -Waggregate-return -Wcast-align -Wextra -Wformat=2  -Winit-self -Werror -c conftest.c"
checked program was:
/* begin */
1: #include "ruby.h"
/* end */

--------------------

try_compiler_option: checking for -Wlarger-than-65500 option to compiler... -------------------- yes

"gcc -I/usr/share/rvm/rubies/ruby-2.5.1/include/ruby-2.5.0/x86_64-linux -I/usr/share/rvm/rubies/ruby-2.5.1/include/ruby-2.5.0/ruby/backward -I/usr/share/rvm/rubies/ruby-2.5.1/include/ruby-2.5.0 -I.    -O3 -ggdb3 -Wall -Wextra -Wno-unused-parameter -Wno-parentheses -Wno-long-long -Wno-missing-field-initializers -Wno-tautological-compare -Wno-parentheses-equality -Wno-constant-logical-operand -Wno-self-assign -Wunused-variable -Wimplicit-int -Wpointer-arith -Wwrite-strings -Wdeclaration-after-statement -Wimplicit-function-declaration -Wdeprecated-declarations -Wmisleading-indentation -Wno-packed-bitfield-compat -Wsuggest-attribute=noreturn -Wsuggest-attribute=format -Wimplicit-fallthrough=0 -Wduplicated-cond -Wrestrict  -fPIC -Wall -Waggregate-return -Wcast-align -Wextra -Wformat=2 -Winit-self  -Wlarger-than-65500 -Werror -c conftest.c"
checked program was:
/* begin */
1: #include "ruby.h"
/* end */

--------------------

try_compiler_option: checking for -Wmissing-declarations option to compiler... -------------------- yes

"gcc -I/usr/share/rvm/rubies/ruby-2.5.1/include/ruby-2.5.0/x86_64-linux -I/usr/share/rvm/rubies/ruby-2.5.1/include/ruby-2.5.0/ruby/backward -I/usr/share/rvm/rubies/ruby-2.5.1/include/ruby-2.5.0 -I.    -O3 -ggdb3 -Wall -Wextra -Wno-unused-parameter -Wno-parentheses -Wno-long-long -Wno-missing-field-initializers -Wno-tautological-compare -Wno-parentheses-equality -Wno-constant-logical-operand -Wno-self-assign -Wunused-variable -Wimplicit-int -Wpointer-arith -Wwrite-strings -Wdeclaration-after-statement -Wimplicit-function-declaration -Wdeprecated-declarations -Wmisleading-indentation -Wno-packed-bitfield-compat -Wsuggest-attribute=noreturn -Wsuggest-attribute=format -Wimplicit-fallthrough=0 -Wduplicated-cond -Wrestrict  -fPIC -Wall -Waggregate-return -Wcast-align -Wextra -Wformat=2 -Winit-self -Wlarger-than-65500  -Wmissing-declarations -Werror -c conftest.c"
checked program was:
/* begin */
1: #include "ruby.h"
/* end */

--------------------

try_compiler_option: checking for -Wmissing-format-attribute option to compiler... -------------------- yes

"gcc -I/usr/share/rvm/rubies/ruby-2.5.1/include/ruby-2.5.0/x86_64-linux -I/usr/share/rvm/rubies/ruby-2.5.1/include/ruby-2.5.0/ruby/backward -I/usr/share/rvm/rubies/ruby-2.5.1/include/ruby-2.5.0 -I.    -O3 -ggdb3 -Wall -Wextra -Wno-unused-parameter -Wno-parentheses -Wno-long-long -Wno-missing-field-initializers -Wno-tautological-compare -Wno-parentheses-equality -Wno-constant-logical-operand -Wno-self-assign -Wunused-variable -Wimplicit-int -Wpointer-arith -Wwrite-strings -Wdeclaration-after-statement -Wimplicit-function-declaration -Wdeprecated-declarations -Wmisleading-indentation -Wno-packed-bitfield-compat -Wsuggest-attribute=noreturn -Wsuggest-attribute=format -Wimplicit-fallthrough=0 -Wduplicated-cond -Wrestrict  -fPIC -Wall -Waggregate-return -Wcast-align -Wextra -Wformat=2 -Winit-self -Wlarger-than-65500 -Wmissing-declarations  -Wmissing-format-attribute -Werror -c conftest.c"
checked program was:
/* begin */
1: #include "ruby.h"
/* end */

--------------------

try_compiler_option: checking for -Wmissing-include-dirs option to compiler... -------------------- yes

"gcc -I/usr/share/rvm/rubies/ruby-2.5.1/include/ruby-2.5.0/x86_64-linux -I/usr/share/rvm/rubies/ruby-2.5.1/include/ruby-2.5.0/ruby/backward -I/usr/share/rvm/rubies/ruby-2.5.1/include/ruby-2.5.0 -I.    -O3 -ggdb3 -Wall -Wextra -Wno-unused-parameter -Wno-parentheses -Wno-long-long -Wno-missing-field-initializers -Wno-tautological-compare -Wno-parentheses-equality -Wno-constant-logical-operand -Wno-self-assign -Wunused-variable -Wimplicit-int -Wpointer-arith -Wwrite-strings -Wdeclaration-after-statement -Wimplicit-function-declaration -Wdeprecated-declarations -Wmisleading-indentation -Wno-packed-bitfield-compat -Wsuggest-attribute=noreturn -Wsuggest-attribute=format -Wimplicit-fallthrough=0 -Wduplicated-cond -Wrestrict  -fPIC -Wall -Waggregate-return -Wcast-align -Wextra -Wformat=2 -Winit-self -Wlarger-than-65500 -Wmissing-declarations -Wmissing-format-attribute  -Wmissing-include-dirs -Werror -c conftest.c"
checked program was:
/* begin */
1: #include "ruby.h"
/* end */

--------------------

try_compiler_option: checking for -Wmissing-noreturn option to compiler... -------------------- yes

"gcc -I/usr/share/rvm/rubies/ruby-2.5.1/include/ruby-2.5.0/x86_64-linux -I/usr/share/rvm/rubies/ruby-2.5.1/include/ruby-2.5.0/ruby/backward -I/usr/share/rvm/rubies/ruby-2.5.1/include/ruby-2.5.0 -I.    -O3 -ggdb3 -Wall -Wextra -Wno-unused-parameter -Wno-parentheses -Wno-long-long -Wno-missing-field-initializers -Wno-tautological-compare -Wno-parentheses-equality -Wno-constant-logical-operand -Wno-self-assign -Wunused-variable -Wimplicit-int -Wpointer-arith -Wwrite-strings -Wdeclaration-after-statement -Wimplicit-function-declaration -Wdeprecated-declarations -Wmisleading-indentation -Wno-packed-bitfield-compat -Wsuggest-attribute=noreturn -Wsuggest-attribute=format -Wimplicit-fallthrough=0 -Wduplicated-cond -Wrestrict  -fPIC -Wall -Waggregate-return -Wcast-align -Wextra -Wformat=2 -Winit-self -Wlarger-than-65500 -Wmissing-declarations -Wmissing-format-attribute -Wmissing-include-dirs  -Wmissing-noreturn -Werror -c conftest.c"
checked program was:
/* begin */
1: #include "ruby.h"
/* end */

--------------------

try_compiler_option: checking for -Wmissing-prototypes option to compiler... -------------------- yes

"gcc -I/usr/share/rvm/rubies/ruby-2.5.1/include/ruby-2.5.0/x86_64-linux -I/usr/share/rvm/rubies/ruby-2.5.1/include/ruby-2.5.0/ruby/backward -I/usr/share/rvm/rubies/ruby-2.5.1/include/ruby-2.5.0 -I.    -O3 -ggdb3 -Wall -Wextra -Wno-unused-parameter -Wno-parentheses -Wno-long-long -Wno-missing-field-initializers -Wno-tautological-compare -Wno-parentheses-equality -Wno-constant-logical-operand -Wno-self-assign -Wunused-variable -Wimplicit-int -Wpointer-arith -Wwrite-strings -Wdeclaration-after-statement -Wimplicit-function-declaration -Wdeprecated-declarations -Wmisleading-indentation -Wno-packed-bitfield-compat -Wsuggest-attribute=noreturn -Wsuggest-attribute=format -Wimplicit-fallthrough=0 -Wduplicated-cond -Wrestrict  -fPIC -Wall -Waggregate-return -Wcast-align -Wextra -Wformat=2 -Winit-self -Wlarger-than-65500 -Wmissing-declarations -Wmissing-format-attribute -Wmissing-include-dirs -Wmissing-noreturn  -Wmissing-prototypes -Werror -c conftest.c"
checked program was:
/* begin */
1: #include "ruby.h"
/* end */

--------------------

try_compiler_option: checking for -Wnested-externs option to compiler... -------------------- yes

"gcc -I/usr/share/rvm/rubies/ruby-2.5.1/include/ruby-2.5.0/x86_64-linux -I/usr/share/rvm/rubies/ruby-2.5.1/include/ruby-2.5.0/ruby/backward -I/usr/share/rvm/rubies/ruby-2.5.1/include/ruby-2.5.0 -I.    -O3 -ggdb3 -Wall -Wextra -Wno-unused-parameter -Wno-parentheses -Wno-long-long -Wno-missing-field-initializers -Wno-tautological-compare -Wno-parentheses-equality -Wno-constant-logical-operand -Wno-self-assign -Wunused-variable -Wimplicit-int -Wpointer-arith -Wwrite-strings -Wdeclaration-after-statement -Wimplicit-function-declaration -Wdeprecated-declarations -Wmisleading-indentation -Wno-packed-bitfield-compat -Wsuggest-attribute=noreturn -Wsuggest-attribute=format -Wimplicit-fallthrough=0 -Wduplicated-cond -Wrestrict  -fPIC -Wall -Waggregate-return -Wcast-align -Wextra -Wformat=2 -Winit-self -Wlarger-than-65500 -Wmissing-declarations -Wmissing-format-attribute -Wmissing-include-dirs -Wmissing-noreturn -Wmissing-prototypes  -Wnested-externs -Werror -c conftest.c"
checked program was:
/* begin */
1: #include "ruby.h"
/* end */

--------------------

try_compiler_option: checking for -Wold-style-definition option to compiler... -------------------- yes

"gcc -I/usr/share/rvm/rubies/ruby-2.5.1/include/ruby-2.5.0/x86_64-linux -I/usr/share/rvm/rubies/ruby-2.5.1/include/ruby-2.5.0/ruby/backward -I/usr/share/rvm/rubies/ruby-2.5.1/include/ruby-2.5.0 -I.    -O3 -ggdb3 -Wall -Wextra -Wno-unused-parameter -Wno-parentheses -Wno-long-long -Wno-missing-field-initializers -Wno-tautological-compare -Wno-parentheses-equality -Wno-constant-logical-operand -Wno-self-assign -Wunused-variable -Wimplicit-int -Wpointer-arith -Wwrite-strings -Wdeclaration-after-statement -Wimplicit-function-declaration -Wdeprecated-declarations -Wmisleading-indentation -Wno-packed-bitfield-compat -Wsuggest-attribute=noreturn -Wsuggest-attribute=format -Wimplicit-fallthrough=0 -Wduplicated-cond -Wrestrict  -fPIC -Wall -Waggregate-return -Wcast-align -Wextra -Wformat=2 -Winit-self -Wlarger-than-65500 -Wmissing-declarations -Wmissing-format-attribute -Wmissing-include-dirs -Wmissing-noreturn -Wmissing-prototypes -Wnested-externs  -Wold-style-definition -Werror -c conftest.c"
checked program was:
/* begin */
1: #include "ruby.h"
/* end */

--------------------

try_compiler_option: checking for -Wpacked option to compiler... -------------------- yes

"gcc -I/usr/share/rvm/rubies/ruby-2.5.1/include/ruby-2.5.0/x86_64-linux -I/usr/share/rvm/rubies/ruby-2.5.1/include/ruby-2.5.0/ruby/backward -I/usr/share/rvm/rubies/ruby-2.5.1/include/ruby-2.5.0 -I.    -O3 -ggdb3 -Wall -Wextra -Wno-unused-parameter -Wno-parentheses -Wno-long-long -Wno-missing-field-initializers -Wno-tautological-compare -Wno-parentheses-equality -Wno-constant-logical-operand -Wno-self-assign -Wunused-variable -Wimplicit-int -Wpointer-arith -Wwrite-strings -Wdeclaration-after-statement -Wimplicit-function-declaration -Wdeprecated-declarations -Wmisleading-indentation -Wno-packed-bitfield-compat -Wsuggest-attribute=noreturn -Wsuggest-attribute=format -Wimplicit-fallthrough=0 -Wduplicated-cond -Wrestrict  -fPIC -Wall -Waggregate-return -Wcast-align -Wextra -Wformat=2 -Winit-self -Wlarger-than-65500 -Wmissing-declarations -Wmissing-format-attribute -Wmissing-include-dirs -Wmissing-noreturn -Wmissing-prototypes -Wnested-externs -Wold-style-definition  -Wpacked -Werror -c conftest.c"
checked program was:
/* begin */
1: #include "ruby.h"
/* end */

--------------------

try_compiler_option: checking for -Wp,-D_FORTIFY_SOURCE=2 option to compiler... -------------------- yes

"gcc -I/usr/share/rvm/rubies/ruby-2.5.1/include/ruby-2.5.0/x86_64-linux -I/usr/share/rvm/rubies/ruby-2.5.1/include/ruby-2.5.0/ruby/backward -I/usr/share/rvm/rubies/ruby-2.5.1/include/ruby-2.5.0 -I.    -O3 -ggdb3 -Wall -Wextra -Wno-unused-parameter -Wno-parentheses -Wno-long-long -Wno-missing-field-initializers -Wno-tautological-compare -Wno-parentheses-equality -Wno-constant-logical-operand -Wno-self-assign -Wunused-variable -Wimplicit-int -Wpointer-arith -Wwrite-strings -Wdeclaration-after-statement -Wimplicit-function-declaration -Wdeprecated-declarations -Wmisleading-indentation -Wno-packed-bitfield-compat -Wsuggest-attribute=noreturn -Wsuggest-attribute=format -Wimplicit-fallthrough=0 -Wduplicated-cond -Wrestrict  -fPIC -Wall -Waggregate-return -Wcast-align -Wextra -Wformat=2 -Winit-self -Wlarger-than-65500 -Wmissing-declarations -Wmissing-format-attribute -Wmissing-include-dirs -Wmissing-noreturn -Wmissing-prototypes -Wnested-externs -Wold-style-definition -Wpacked  -Wp,-D_FORTIFY_SOURCE=2 -Werror -c conftest.c"
checked program was:
/* begin */
1: #include "ruby.h"
/* end */

--------------------

try_compiler_option: checking for -Wpointer-arith option to compiler... -------------------- yes

"gcc -I/usr/share/rvm/rubies/ruby-2.5.1/include/ruby-2.5.0/x86_64-linux -I/usr/share/rvm/rubies/ruby-2.5.1/include/ruby-2.5.0/ruby/backward -I/usr/share/rvm/rubies/ruby-2.5.1/include/ruby-2.5.0 -I.    -O3 -ggdb3 -Wall -Wextra -Wno-unused-parameter -Wno-parentheses -Wno-long-long -Wno-missing-field-initializers -Wno-tautological-compare -Wno-parentheses-equality -Wno-constant-logical-operand -Wno-self-assign -Wunused-variable -Wimplicit-int -Wpointer-arith -Wwrite-strings -Wdeclaration-after-statement -Wimplicit-function-declaration -Wdeprecated-declarations -Wmisleading-indentation -Wno-packed-bitfield-compat -Wsuggest-attribute=noreturn -Wsuggest-attribute=format -Wimplicit-fallthrough=0 -Wduplicated-cond -Wrestrict  -fPIC -Wall -Waggregate-return -Wcast-align -Wextra -Wformat=2 -Winit-self -Wlarger-than-65500 -Wmissing-declarations -Wmissing-format-attribute -Wmissing-include-dirs -Wmissing-noreturn -Wmissing-prototypes -Wnested-externs -Wold-style-definition -Wpacked -Wp,-D_FORTIFY_SOURCE=2  -Wpointer-arith -Werror -c conftest.c"
checked program was:
/* begin */
1: #include "ruby.h"
/* end */

--------------------

try_compiler_option: checking for -Wundef option to compiler... -------------------- yes

"gcc -I/usr/share/rvm/rubies/ruby-2.5.1/include/ruby-2.5.0/x86_64-linux -I/usr/share/rvm/rubies/ruby-2.5.1/include/ruby-2.5.0/ruby/backward -I/usr/share/rvm/rubies/ruby-2.5.1/include/ruby-2.5.0 -I.    -O3 -ggdb3 -Wall -Wextra -Wno-unused-parameter -Wno-parentheses -Wno-long-long -Wno-missing-field-initializers -Wno-tautological-compare -Wno-parentheses-equality -Wno-constant-logical-operand -Wno-self-assign -Wunused-variable -Wimplicit-int -Wpointer-arith -Wwrite-strings -Wdeclaration-after-statement -Wimplicit-function-declaration -Wdeprecated-declarations -Wmisleading-indentation -Wno-packed-bitfield-compat -Wsuggest-attribute=noreturn -Wsuggest-attribute=format -Wimplicit-fallthrough=0 -Wduplicated-cond -Wrestrict  -fPIC -Wall -Waggregate-return -Wcast-align -Wextra -Wformat=2 -Winit-self -Wlarger-than-65500 -Wmissing-declarations -Wmissing-format-attribute -Wmissing-include-dirs -Wmissing-noreturn -Wmissing-prototypes -Wnested-externs -Wold-style-definition -Wpacked -Wp,-D_FORTIFY_SOURCE=2 -Wpointer-arith  -Wundef -Werror -c conftest.c"
checked program was:
/* begin */
1: #include "ruby.h"
/* end */

--------------------

try_compiler_option: checking for -Wout-of-line-declaration option to compiler... -------------------- no

"gcc -I/usr/share/rvm/rubies/ruby-2.5.1/include/ruby-2.5.0/x86_64-linux -I/usr/share/rvm/rubies/ruby-2.5.1/include/ruby-2.5.0/ruby/backward -I/usr/share/rvm/rubies/ruby-2.5.1/include/ruby-2.5.0 -I.    -O3 -ggdb3 -Wall -Wextra -Wno-unused-parameter -Wno-parentheses -Wno-long-long -Wno-missing-field-initializers -Wno-tautological-compare -Wno-parentheses-equality -Wno-constant-logical-operand -Wno-self-assign -Wunused-variable -Wimplicit-int -Wpointer-arith -Wwrite-strings -Wdeclaration-after-statement -Wimplicit-function-declaration -Wdeprecated-declarations -Wmisleading-indentation -Wno-packed-bitfield-compat -Wsuggest-attribute=noreturn -Wsuggest-attribute=format -Wimplicit-fallthrough=0 -Wduplicated-cond -Wrestrict  -fPIC -Wall -Waggregate-return -Wcast-align -Wextra -Wformat=2 -Winit-self -Wlarger-than-65500 -Wmissing-declarations -Wmissing-format-attribute -Wmissing-include-dirs -Wmissing-noreturn -Wmissing-prototypes -Wnested-externs -Wold-style-definition -Wpacked -Wp,-D_FORTIFY_SOURCE=2 -Wpointer-arith -Wundef  -Wout-of-line-declaration -Werror -c conftest.c"
gcc: error: unrecognized command line option ‘-Wout-of-line-declaration’; did you mean ‘-Wold-style-declaration’?
checked program was:
/* begin */
1: #include "ruby.h"
/* end */

--------------------

try_compiler_option: checking for -Wunsafe-loop-optimizations option to compiler... -------------------- yes

"gcc -I/usr/share/rvm/rubies/ruby-2.5.1/include/ruby-2.5.0/x86_64-linux -I/usr/share/rvm/rubies/ruby-2.5.1/include/ruby-2.5.0/ruby/backward -I/usr/share/rvm/rubies/ruby-2.5.1/include/ruby-2.5.0 -I.    -O3 -ggdb3 -Wall -Wextra -Wno-unused-parameter -Wno-parentheses -Wno-long-long -Wno-missing-field-initializers -Wno-tautological-compare -Wno-parentheses-equality -Wno-constant-logical-operand -Wno-self-assign -Wunused-variable -Wimplicit-int -Wpointer-arith -Wwrite-strings -Wdeclaration-after-statement -Wimplicit-function-declaration -Wdeprecated-declarations -Wmisleading-indentation -Wno-packed-bitfield-compat -Wsuggest-attribute=noreturn -Wsuggest-attribute=format -Wimplicit-fallthrough=0 -Wduplicated-cond -Wrestrict  -fPIC -Wall -Waggregate-return -Wcast-align -Wextra -Wformat=2 -Winit-self -Wlarger-than-65500 -Wmissing-declarations -Wmissing-format-attribute -Wmissing-include-dirs -Wmissing-noreturn -Wmissing-prototypes -Wnested-externs -Wold-style-definition -Wpacked -Wp,-D_FORTIFY_SOURCE=2 -Wpointer-arith -Wundef  -Wunsafe-loop-optimizations -Werror -c conftest.c"
checked program was:
/* begin */
1: #include "ruby.h"
/* end */

--------------------

try_compiler_option: checking for -Wwrite-strings option to compiler... -------------------- yes

"gcc -I/usr/share/rvm/rubies/ruby-2.5.1/include/ruby-2.5.0/x86_64-linux -I/usr/share/rvm/rubies/ruby-2.5.1/include/ruby-2.5.0/ruby/backward -I/usr/share/rvm/rubies/ruby-2.5.1/include/ruby-2.5.0 -I.    -O3 -ggdb3 -Wall -Wextra -Wno-unused-parameter -Wno-parentheses -Wno-long-long -Wno-missing-field-initializers -Wno-tautological-compare -Wno-parentheses-equality -Wno-constant-logical-operand -Wno-self-assign -Wunused-variable -Wimplicit-int -Wpointer-arith -Wwrite-strings -Wdeclaration-after-statement -Wimplicit-function-declaration -Wdeprecated-declarations -Wmisleading-indentation -Wno-packed-bitfield-compat -Wsuggest-attribute=noreturn -Wsuggest-attribute=format -Wimplicit-fallthrough=0 -Wduplicated-cond -Wrestrict  -fPIC -Wall -Waggregate-return -Wcast-align -Wextra -Wformat=2 -Winit-self -Wlarger-than-65500 -Wmissing-declarations -Wmissing-format-attribute -Wmissing-include-dirs -Wmissing-noreturn -Wmissing-prototypes -Wnested-externs -Wold-style-definition -Wpacked -Wp,-D_FORTIFY_SOURCE=2 -Wpointer-arith -Wundef -Wunsafe-loop-optimizations  -Wwrite-strings -Werror -c conftest.c"
checked program was:
/* begin */
1: #include "ruby.h"
/* end */

--------------------

setup_homebrew: checking for Homebrew... -------------------- no

--------------------

have_package: checking for gobject-2.0 version (>= 2.12.0)... -------------------- yes

--------------------

have_package: checking for gthread-2.0... -------------------- yes

--------------------

have_header: checking for unistd.h... -------------------- yes

"gcc -E -I/usr/share/rvm/rubies/ruby-2.5.1/include/ruby-2.5.0/x86_64-linux -I/usr/share/rvm/rubies/ruby-2.5.1/include/ruby-2.5.0/ruby/backward -I/usr/share/rvm/rubies/ruby-2.5.1/include/ruby-2.5.0 -I. -I./.gem.20200915-11403-nla10s  -I/usr/share/rvm/rubies/ruby-2.5.1/lib/ruby/vendor_ruby/2.5.0/x86_64-linux  -I/usr/include/glib-2.0 -I/usr/lib/x86_64-linux-gnu/glib-2.0/include -I/usr/include/glib-2.0 -I/usr/lib/x86_64-linux-gnu/glib-2.0/include    -O3 -ggdb3 -Wall -Wextra -Wno-unused-parameter -Wno-parentheses -Wno-long-long -Wno-missing-field-initializers -Wno-tautological-compare -Wno-parentheses-equality -Wno-constant-logical-operand -Wno-self-assign -Wunused-variable -Wimplicit-int -Wpointer-arith -Wwrite-strings -Wdeclaration-after-statement -Wimplicit-function-declaration -Wdeprecated-declarations -Wmisleading-indentation -Wno-packed-bitfield-compat -Wsuggest-attribute=noreturn -Wsuggest-attribute=format -Wimplicit-fallthrough=0 -Wduplicated-cond -Wrestrict  -fPIC -Wall -Waggregate-return -Wcast-align -Wextra -Wformat=2 -Winit-self -Wlarger-than-65500 -Wmissing-declarations -Wmissing-format-attribute -Wmissing-include-dirs -Wmissing-noreturn -Wmissing-prototypes -Wnested-externs -Wold-style-definition -Wpacked -Wp,-D_FORTIFY_SOURCE=2 -Wpointer-arith -Wundef -Wunsafe-loop-optimizations -Wwrite-strings  -pthread  conftest.c -o conftest.i"
checked program was:
/* begin */
1: #include "ruby.h"
2: 
3: #include <unistd.h>
/* end */

--------------------

have_header: checking for io.h... -------------------- no

"gcc -E -I/usr/share/rvm/rubies/ruby-2.5.1/include/ruby-2.5.0/x86_64-linux -I/usr/share/rvm/rubies/ruby-2.5.1/include/ruby-2.5.0/ruby/backward -I/usr/share/rvm/rubies/ruby-2.5.1/include/ruby-2.5.0 -I. -I./.gem.20200915-11403-nla10s  -I/usr/share/rvm/rubies/ruby-2.5.1/lib/ruby/vendor_ruby/2.5.0/x86_64-linux  -I/usr/include/glib-2.0 -I/usr/lib/x86_64-linux-gnu/glib-2.0/include -I/usr/include/glib-2.0 -I/usr/lib/x86_64-linux-gnu/glib-2.0/include    -O3 -ggdb3 -Wall -Wextra -Wno-unused-parameter -Wno-parentheses -Wno-long-long -Wno-missing-field-initializers -Wno-tautological-compare -Wno-parentheses-equality -Wno-constant-logical-operand -Wno-self-assign -Wunused-variable -Wimplicit-int -Wpointer-arith -Wwrite-strings -Wdeclaration-after-statement -Wimplicit-function-declaration -Wdeprecated-declarations -Wmisleading-indentation -Wno-packed-bitfield-compat -Wsuggest-attribute=noreturn -Wsuggest-attribute=format -Wimplicit-fallthrough=0 -Wduplicated-cond -Wrestrict  -fPIC -Wall -Waggregate-return -Wcast-align -Wextra -Wformat=2 -Winit-self -Wlarger-than-65500 -Wmissing-declarations -Wmissing-format-attribute -Wmissing-include-dirs -Wmissing-noreturn -Wmissing-prototypes -Wnested-externs -Wold-style-definition -Wpacked -Wp,-D_FORTIFY_SOURCE=2 -Wpointer-arith -Wundef -Wunsafe-loop-optimizations -Wwrite-strings  -pthread  conftest.c -o conftest.i"
conftest.c:3:10: fatal error: io.h: No such file or directory
 #include <io.h>
          ^~~~~~
compilation terminated.
checked program was:
/* begin */
1: #include "ruby.h"
2: 
3: #include <io.h>
/* end */

--------------------

have_func: checking for g_spawn_close_pid() in glib.h... -------------------- yes

"gcc -o conftest -I/usr/share/rvm/rubies/ruby-2.5.1/include/ruby-2.5.0/x86_64-linux -I/usr/share/rvm/rubies/ruby-2.5.1/include/ruby-2.5.0/ruby/backward -I/usr/share/rvm/rubies/ruby-2.5.1/include/ruby-2.5.0 -I. -I./.gem.20200915-11403-nla10s  -I/usr/share/rvm/rubies/ruby-2.5.1/lib/ruby/vendor_ruby/2.5.0/x86_64-linux  -I/usr/include/glib-2.0 -I/usr/lib/x86_64-linux-gnu/glib-2.0/include -I/usr/include/glib-2.0 -I/usr/lib/x86_64-linux-gnu/glib-2.0/include    -O3 -ggdb3 -Wall -Wextra -Wno-unused-parameter -Wno-parentheses -Wno-long-long -Wno-missing-field-initializers -Wno-tautological-compare -Wno-parentheses-equality -Wno-constant-logical-operand -Wno-self-assign -Wunused-variable -Wimplicit-int -Wpointer-arith -Wwrite-strings -Wdeclaration-after-statement -Wimplicit-function-declaration -Wdeprecated-declarations -Wmisleading-indentation -Wno-packed-bitfield-compat -Wsuggest-attribute=noreturn -Wsuggest-attribute=format -Wimplicit-fallthrough=0 -Wduplicated-cond -Wrestrict  -fPIC -Wall -Waggregate-return -Wcast-align -Wextra -Wformat=2 -Winit-self -Wlarger-than-65500 -Wmissing-declarations -Wmissing-format-attribute -Wmissing-include-dirs -Wmissing-noreturn -Wmissing-prototypes -Wnested-externs -Wold-style-definition -Wpacked -Wp,-D_FORTIFY_SOURCE=2 -Wpointer-arith -Wundef -Wunsafe-loop-optimizations -Wwrite-strings  -pthread conftest.c  -L. -L/usr/share/rvm/rubies/ruby-2.5.1/lib -Wl,-rpath,/usr/share/rvm/rubies/ruby-2.5.1/lib -L. -fstack-protector -rdynamic -Wl,-export-dynamic -L/usr/lib/x86_64-linux-gnu -L/usr/lib/x86_64-linux-gnu -pthread     -lglib-2.0 -lgobject-2.0 -lglib-2.0 -lgthread-2.0 -Wl,-rpath,'/../lib' -Wl,-rpath,'/../lib' -lruby  -lglib-2.0 -lgobject-2.0 -lglib-2.0 -lgthread-2.0 -lpthread -lgmp -ldl -lcrypt -lm   -lc"
checked program was:
/* begin */
 1: #include "ruby.h"
 2: 
 3: #include <glib.h>
 4: 
 5: /*top*/
 6: extern int t(void);
 7: int main(int argc, char **argv)
 8: {
 9:   if (argc > 1000000) {
10:     printf("%p", &t);
11:   }
12: 
13:   return 0;
14: }
15: int t(void) { void ((*volatile p)()); p = (void ((*)()))g_spawn_close_pid; return !p; }
/* end */

--------------------

have_func: checking for g_thread_init() in glib.h... -------------------- yes

"gcc -o conftest -I/usr/share/rvm/rubies/ruby-2.5.1/include/ruby-2.5.0/x86_64-linux -I/usr/share/rvm/rubies/ruby-2.5.1/include/ruby-2.5.0/ruby/backward -I/usr/share/rvm/rubies/ruby-2.5.1/include/ruby-2.5.0 -I. -I./.gem.20200915-11403-nla10s  -I/usr/share/rvm/rubies/ruby-2.5.1/lib/ruby/vendor_ruby/2.5.0/x86_64-linux  -I/usr/include/glib-2.0 -I/usr/lib/x86_64-linux-gnu/glib-2.0/include -I/usr/include/glib-2.0 -I/usr/lib/x86_64-linux-gnu/glib-2.0/include    -O3 -ggdb3 -Wall -Wextra -Wno-unused-parameter -Wno-parentheses -Wno-long-long -Wno-missing-field-initializers -Wno-tautological-compare -Wno-parentheses-equality -Wno-constant-logical-operand -Wno-self-assign -Wunused-variable -Wimplicit-int -Wpointer-arith -Wwrite-strings -Wdeclaration-after-statement -Wimplicit-function-declaration -Wdeprecated-declarations -Wmisleading-indentation -Wno-packed-bitfield-compat -Wsuggest-attribute=noreturn -Wsuggest-attribute=format -Wimplicit-fallthrough=0 -Wduplicated-cond -Wrestrict  -fPIC -Wall -Waggregate-return -Wcast-align -Wextra -Wformat=2 -Winit-self -Wlarger-than-65500 -Wmissing-declarations -Wmissing-format-attribute -Wmissing-include-dirs -Wmissing-noreturn -Wmissing-prototypes -Wnested-externs -Wold-style-definition -Wpacked -Wp,-D_FORTIFY_SOURCE=2 -Wpointer-arith -Wundef -Wunsafe-loop-optimizations -Wwrite-strings  -pthread conftest.c  -L. -L/usr/share/rvm/rubies/ruby-2.5.1/lib -Wl,-rpath,/usr/share/rvm/rubies/ruby-2.5.1/lib -L. -fstack-protector -rdynamic -Wl,-export-dynamic -L/usr/lib/x86_64-linux-gnu -L/usr/lib/x86_64-linux-gnu -pthread     -lglib-2.0 -lgobject-2.0 -lglib-2.0 -lgthread-2.0 -Wl,-rpath,'/../lib' -Wl,-rpath,'/../lib' -lruby  -lglib-2.0 -lgobject-2.0 -lglib-2.0 -lgthread-2.0 -lpthread -lgmp -ldl -lcrypt -lm   -lc"
conftest.c: In function ‘t’:
conftest.c:15:1: warning: ‘g_thread_init’ is deprecated [-Wdeprecated-declarations]
 int t(void) { void ((*volatile p)()); p = (void ((*)()))g_thread_init; return !p; }
 ^~~
In file included from /usr/include/glib-2.0/glib.h:108:0,
                 from conftest.c:3:
/usr/include/glib-2.0/glib/deprecated/gthread.h:265:10: note: declared here
 void     g_thread_init                   (gpointer vtable);
          ^~~~~~~~~~~~~
conftest.c: At top level:
cc1: warning: unrecognized command line option ‘-Wno-self-assign’
cc1: warning: unrecognized command line option ‘-Wno-constant-logical-operand’
cc1: warning: unrecognized command line option ‘-Wno-parentheses-equality’
checked program was:
/* begin */
 1: #include "ruby.h"
 2: 
 3: #include <glib.h>
 4: 
 5: /*top*/
 6: extern int t(void);
 7: int main(int argc, char **argv)
 8: {
 9:   if (argc > 1000000) {
10:     printf("%p", &t);
11:   }
12: 
13:   return 0;
14: }
15: int t(void) { void ((*volatile p)()); p = (void ((*)()))g_thread_init; return !p; }
/* end */

--------------------

have_func: checking for g_main_depth() in glib.h... -------------------- yes

"gcc -o conftest -I/usr/share/rvm/rubies/ruby-2.5.1/include/ruby-2.5.0/x86_64-linux -I/usr/share/rvm/rubies/ruby-2.5.1/include/ruby-2.5.0/ruby/backward -I/usr/share/rvm/rubies/ruby-2.5.1/include/ruby-2.5.0 -I. -I./.gem.20200915-11403-nla10s  -I/usr/share/rvm/rubies/ruby-2.5.1/lib/ruby/vendor_ruby/2.5.0/x86_64-linux  -I/usr/include/glib-2.0 -I/usr/lib/x86_64-linux-gnu/glib-2.0/include -I/usr/include/glib-2.0 -I/usr/lib/x86_64-linux-gnu/glib-2.0/include    -O3 -ggdb3 -Wall -Wextra -Wno-unused-parameter -Wno-parentheses -Wno-long-long -Wno-missing-field-initializers -Wno-tautological-compare -Wno-parentheses-equality -Wno-constant-logical-operand -Wno-self-assign -Wunused-variable -Wimplicit-int -Wpointer-arith -Wwrite-strings -Wdeclaration-after-statement -Wimplicit-function-declaration -Wdeprecated-declarations -Wmisleading-indentation -Wno-packed-bitfield-compat -Wsuggest-attribute=noreturn -Wsuggest-attribute=format -Wimplicit-fallthrough=0 -Wduplicated-cond -Wrestrict  -fPIC -Wall -Waggregate-return -Wcast-align -Wextra -Wformat=2 -Winit-self -Wlarger-than-65500 -Wmissing-declarations -Wmissing-format-attribute -Wmissing-include-dirs -Wmissing-noreturn -Wmissing-prototypes -Wnested-externs -Wold-style-definition -Wpacked -Wp,-D_FORTIFY_SOURCE=2 -Wpointer-arith -Wundef -Wunsafe-loop-optimizations -Wwrite-strings  -pthread conftest.c  -L. -L/usr/share/rvm/rubies/ruby-2.5.1/lib -Wl,-rpath,/usr/share/rvm/rubies/ruby-2.5.1/lib -L. -fstack-protector -rdynamic -Wl,-export-dynamic -L/usr/lib/x86_64-linux-gnu -L/usr/lib/x86_64-linux-gnu -pthread     -lglib-2.0 -lgobject-2.0 -lglib-2.0 -lgthread-2.0 -Wl,-rpath,'/../lib' -Wl,-rpath,'/../lib' -lruby  -lglib-2.0 -lgobject-2.0 -lglib-2.0 -lgthread-2.0 -lpthread -lgmp -ldl -lcrypt -lm   -lc"
checked program was:
/* begin */
 1: #include "ruby.h"
 2: 
 3: #include <glib.h>
 4: 
 5: /*top*/
 6: extern int t(void);
 7: int main(int argc, char **argv)
 8: {
 9:   if (argc > 1000000) {
10:     printf("%p", &t);
11:   }
12: 
13:   return 0;
14: }
15: int t(void) { void ((*volatile p)()); p = (void ((*)()))g_main_depth; return !p; }
/* end */

--------------------

have_func: checking for g_listenv() in glib.h... -------------------- yes

"gcc -o conftest -I/usr/share/rvm/rubies/ruby-2.5.1/include/ruby-2.5.0/x86_64-linux -I/usr/share/rvm/rubies/ruby-2.5.1/include/ruby-2.5.0/ruby/backward -I/usr/share/rvm/rubies/ruby-2.5.1/include/ruby-2.5.0 -I. -I./.gem.20200915-11403-nla10s  -I/usr/share/rvm/rubies/ruby-2.5.1/lib/ruby/vendor_ruby/2.5.0/x86_64-linux  -I/usr/include/glib-2.0 -I/usr/lib/x86_64-linux-gnu/glib-2.0/include -I/usr/include/glib-2.0 -I/usr/lib/x86_64-linux-gnu/glib-2.0/include    -O3 -ggdb3 -Wall -Wextra -Wno-unused-parameter -Wno-parentheses -Wno-long-long -Wno-missing-field-initializers -Wno-tautological-compare -Wno-parentheses-equality -Wno-constant-logical-operand -Wno-self-assign -Wunused-variable -Wimplicit-int -Wpointer-arith -Wwrite-strings -Wdeclaration-after-statement -Wimplicit-function-declaration -Wdeprecated-declarations -Wmisleading-indentation -Wno-packed-bitfield-compat -Wsuggest-attribute=noreturn -Wsuggest-attribute=format -Wimplicit-fallthrough=0 -Wduplicated-cond -Wrestrict  -fPIC -Wall -Waggregate-return -Wcast-align -Wextra -Wformat=2 -Winit-self -Wlarger-than-65500 -Wmissing-declarations -Wmissing-format-attribute -Wmissing-include-dirs -Wmissing-noreturn -Wmissing-prototypes -Wnested-externs -Wold-style-definition -Wpacked -Wp,-D_FORTIFY_SOURCE=2 -Wpointer-arith -Wundef -Wunsafe-loop-optimizations -Wwrite-strings  -pthread conftest.c  -L. -L/usr/share/rvm/rubies/ruby-2.5.1/lib -Wl,-rpath,/usr/share/rvm/rubies/ruby-2.5.1/lib -L. -fstack-protector -rdynamic -Wl,-export-dynamic -L/usr/lib/x86_64-linux-gnu -L/usr/lib/x86_64-linux-gnu -pthread     -lglib-2.0 -lgobject-2.0 -lglib-2.0 -lgthread-2.0 -Wl,-rpath,'/../lib' -Wl,-rpath,'/../lib' -lruby  -lglib-2.0 -lgobject-2.0 -lglib-2.0 -lgthread-2.0 -lpthread -lgmp -ldl -lcrypt -lm   -lc"
checked program was:
/* begin */
 1: #include "ruby.h"
 2: 
 3: #include <glib.h>
 4: 
 5: /*top*/
 6: extern int t(void);
 7: int main(int argc, char **argv)
 8: {
 9:   if (argc > 1000000) {
10:     printf("%p", &t);
11:   }
12: 
13:   return 0;
14: }
15: int t(void) { void ((*volatile p)()); p = (void ((*)()))g_listenv; return !p; }
/* end */

--------------------

have_func: checking for rb_check_array_type() in ruby.h... -------------------- yes

"gcc -o conftest -I/usr/share/rvm/rubies/ruby-2.5.1/include/ruby-2.5.0/x86_64-linux -I/usr/share/rvm/rubies/ruby-2.5.1/include/ruby-2.5.0/ruby/backward -I/usr/share/rvm/rubies/ruby-2.5.1/include/ruby-2.5.0 -I. -I./.gem.20200915-11403-nla10s  -I/usr/share/rvm/rubies/ruby-2.5.1/lib/ruby/vendor_ruby/2.5.0/x86_64-linux  -I/usr/include/glib-2.0 -I/usr/lib/x86_64-linux-gnu/glib-2.0/include -I/usr/include/glib-2.0 -I/usr/lib/x86_64-linux-gnu/glib-2.0/include    -O3 -ggdb3 -Wall -Wextra -Wno-unused-parameter -Wno-parentheses -Wno-long-long -Wno-missing-field-initializers -Wno-tautological-compare -Wno-parentheses-equality -Wno-constant-logical-operand -Wno-self-assign -Wunused-variable -Wimplicit-int -Wpointer-arith -Wwrite-strings -Wdeclaration-after-statement -Wimplicit-function-declaration -Wdeprecated-declarations -Wmisleading-indentation -Wno-packed-bitfield-compat -Wsuggest-attribute=noreturn -Wsuggest-attribute=format -Wimplicit-fallthrough=0 -Wduplicated-cond -Wrestrict  -fPIC -Wall -Waggregate-return -Wcast-align -Wextra -Wformat=2 -Winit-self -Wlarger-than-65500 -Wmissing-declarations -Wmissing-format-attribute -Wmissing-include-dirs -Wmissing-noreturn -Wmissing-prototypes -Wnested-externs -Wold-style-definition -Wpacked -Wp,-D_FORTIFY_SOURCE=2 -Wpointer-arith -Wundef -Wunsafe-loop-optimizations -Wwrite-strings  -pthread conftest.c  -L. -L/usr/share/rvm/rubies/ruby-2.5.1/lib -Wl,-rpath,/usr/share/rvm/rubies/ruby-2.5.1/lib -L. -fstack-protector -rdynamic -Wl,-export-dynamic -L/usr/lib/x86_64-linux-gnu -L/usr/lib/x86_64-linux-gnu -pthread     -lglib-2.0 -lgobject-2.0 -lglib-2.0 -lgthread-2.0 -Wl,-rpath,'/../lib' -Wl,-rpath,'/../lib' -lruby  -lglib-2.0 -lgobject-2.0 -lglib-2.0 -lgthread-2.0 -lpthread -lgmp -ldl -lcrypt -lm   -lc"
checked program was:
/* begin */
 1: #include "ruby.h"
 2: 
 3: #include <ruby.h>
 4: 
 5: /*top*/
 6: extern int t(void);
 7: int main(int argc, char **argv)
 8: {
 9:   if (argc > 1000000) {
10:     printf("%p", &t);
11:   }
12: 
13:   return 0;
14: }
15: int t(void) { void ((*volatile p)()); p = (void ((*)()))rb_check_array_type; return !p; }
/* end */

--------------------

have_func: checking for rb_check_hash_type() in ruby.h... -------------------- yes

"gcc -o conftest -I/usr/share/rvm/rubies/ruby-2.5.1/include/ruby-2.5.0/x86_64-linux -I/usr/share/rvm/rubies/ruby-2.5.1/include/ruby-2.5.0/ruby/backward -I/usr/share/rvm/rubies/ruby-2.5.1/include/ruby-2.5.0 -I. -I./.gem.20200915-11403-nla10s  -I/usr/share/rvm/rubies/ruby-2.5.1/lib/ruby/vendor_ruby/2.5.0/x86_64-linux  -I/usr/include/glib-2.0 -I/usr/lib/x86_64-linux-gnu/glib-2.0/include -I/usr/include/glib-2.0 -I/usr/lib/x86_64-linux-gnu/glib-2.0/include    -O3 -ggdb3 -Wall -Wextra -Wno-unused-parameter -Wno-parentheses -Wno-long-long -Wno-missing-field-initializers -Wno-tautological-compare -Wno-parentheses-equality -Wno-constant-logical-operand -Wno-self-assign -Wunused-variable -Wimplicit-int -Wpointer-arith -Wwrite-strings -Wdeclaration-after-statement -Wimplicit-function-declaration -Wdeprecated-declarations -Wmisleading-indentation -Wno-packed-bitfield-compat -Wsuggest-attribute=noreturn -Wsuggest-attribute=format -Wimplicit-fallthrough=0 -Wduplicated-cond -Wrestrict  -fPIC -Wall -Waggregate-return -Wcast-align -Wextra -Wformat=2 -Winit-self -Wlarger-than-65500 -Wmissing-declarations -Wmissing-format-attribute -Wmissing-include-dirs -Wmissing-noreturn -Wmissing-prototypes -Wnested-externs -Wold-style-definition -Wpacked -Wp,-D_FORTIFY_SOURCE=2 -Wpointer-arith -Wundef -Wunsafe-loop-optimizations -Wwrite-strings  -pthread conftest.c  -L. -L/usr/share/rvm/rubies/ruby-2.5.1/lib -Wl,-rpath,/usr/share/rvm/rubies/ruby-2.5.1/lib -L. -fstack-protector -rdynamic -Wl,-export-dynamic -L/usr/lib/x86_64-linux-gnu -L/usr/lib/x86_64-linux-gnu -pthread     -lglib-2.0 -lgobject-2.0 -lglib-2.0 -lgthread-2.0 -Wl,-rpath,'/../lib' -Wl,-rpath,'/../lib' -lruby  -lglib-2.0 -lgobject-2.0 -lglib-2.0 -lgthread-2.0 -lpthread -lgmp -ldl -lcrypt -lm   -lc"
checked program was:
/* begin */
 1: #include "ruby.h"
 2: 
 3: #include <ruby.h>
 4: 
 5: /*top*/
 6: extern int t(void);
 7: int main(int argc, char **argv)
 8: {
 9:   if (argc > 1000000) {
10:     printf("%p", &t);
11:   }
12: 
13:   return 0;
14: }
15: int t(void) { void ((*volatile p)()); p = (void ((*)()))rb_check_hash_type; return !p; }
/* end */

--------------------

have_func: checking for rb_exec_recursive() in ruby.h... -------------------- yes

"gcc -o conftest -I/usr/share/rvm/rubies/ruby-2.5.1/include/ruby-2.5.0/x86_64-linux -I/usr/share/rvm/rubies/ruby-2.5.1/include/ruby-2.5.0/ruby/backward -I/usr/share/rvm/rubies/ruby-2.5.1/include/ruby-2.5.0 -I. -I./.gem.20200915-11403-nla10s  -I/usr/share/rvm/rubies/ruby-2.5.1/lib/ruby/vendor_ruby/2.5.0/x86_64-linux  -I/usr/include/glib-2.0 -I/usr/lib/x86_64-linux-gnu/glib-2.0/include -I/usr/include/glib-2.0 -I/usr/lib/x86_64-linux-gnu/glib-2.0/include    -O3 -ggdb3 -Wall -Wextra -Wno-unused-parameter -Wno-parentheses -Wno-long-long -Wno-missing-field-initializers -Wno-tautological-compare -Wno-parentheses-equality -Wno-constant-logical-operand -Wno-self-assign -Wunused-variable -Wimplicit-int -Wpointer-arith -Wwrite-strings -Wdeclaration-after-statement -Wimplicit-function-declaration -Wdeprecated-declarations -Wmisleading-indentation -Wno-packed-bitfield-compat -Wsuggest-attribute=noreturn -Wsuggest-attribute=format -Wimplicit-fallthrough=0 -Wduplicated-cond -Wrestrict  -fPIC -Wall -Waggregate-return -Wcast-align -Wextra -Wformat=2 -Winit-self -Wlarger-than-65500 -Wmissing-declarations -Wmissing-format-attribute -Wmissing-include-dirs -Wmissing-noreturn -Wmissing-prototypes -Wnested-externs -Wold-style-definition -Wpacked -Wp,-D_FORTIFY_SOURCE=2 -Wpointer-arith -Wundef -Wunsafe-loop-optimizations -Wwrite-strings  -pthread conftest.c  -L. -L/usr/share/rvm/rubies/ruby-2.5.1/lib -Wl,-rpath,/usr/share/rvm/rubies/ruby-2.5.1/lib -L. -fstack-protector -rdynamic -Wl,-export-dynamic -L/usr/lib/x86_64-linux-gnu -L/usr/lib/x86_64-linux-gnu -pthread     -lglib-2.0 -lgobject-2.0 -lglib-2.0 -lgthread-2.0 -Wl,-rpath,'/../lib' -Wl,-rpath,'/../lib' -lruby  -lglib-2.0 -lgobject-2.0 -lglib-2.0 -lgthread-2.0 -lpthread -lgmp -ldl -lcrypt -lm   -lc"
checked program was:
/* begin */
 1: #include "ruby.h"
 2: 
 3: #include <ruby.h>
 4: 
 5: /*top*/
 6: extern int t(void);
 7: int main(int argc, char **argv)
 8: {
 9:   if (argc > 1000000) {
10:     printf("%p", &t);
11:   }
12: 
13:   return 0;
14: }
15: int t(void) { void ((*volatile p)()); p = (void ((*)()))rb_exec_recursive; return !p; }
/* end */

--------------------

have_func: checking for rb_errinfo() in ruby.h... -------------------- yes

"gcc -o conftest -I/usr/share/rvm/rubies/ruby-2.5.1/include/ruby-2.5.0/x86_64-linux -I/usr/share/rvm/rubies/ruby-2.5.1/include/ruby-2.5.0/ruby/backward -I/usr/share/rvm/rubies/ruby-2.5.1/include/ruby-2.5.0 -I. -I./.gem.20200915-11403-nla10s  -I/usr/share/rvm/rubies/ruby-2.5.1/lib/ruby/vendor_ruby/2.5.0/x86_64-linux  -I/usr/include/glib-2.0 -I/usr/lib/x86_64-linux-gnu/glib-2.0/include -I/usr/include/glib-2.0 -I/usr/lib/x86_64-linux-gnu/glib-2.0/include    -O3 -ggdb3 -Wall -Wextra -Wno-unused-parameter -Wno-parentheses -Wno-long-long -Wno-missing-field-initializers -Wno-tautological-compare -Wno-parentheses-equality -Wno-constant-logical-operand -Wno-self-assign -Wunused-variable -Wimplicit-int -Wpointer-arith -Wwrite-strings -Wdeclaration-after-statement -Wimplicit-function-declaration -Wdeprecated-declarations -Wmisleading-indentation -Wno-packed-bitfield-compat -Wsuggest-attribute=noreturn -Wsuggest-attribute=format -Wimplicit-fallthrough=0 -Wduplicated-cond -Wrestrict  -fPIC -Wall -Waggregate-return -Wcast-align -Wextra -Wformat=2 -Winit-self -Wlarger-than-65500 -Wmissing-declarations -Wmissing-format-attribute -Wmissing-include-dirs -Wmissing-noreturn -Wmissing-prototypes -Wnested-externs -Wold-style-definition -Wpacked -Wp,-D_FORTIFY_SOURCE=2 -Wpointer-arith -Wundef -Wunsafe-loop-optimizations -Wwrite-strings  -pthread conftest.c  -L. -L/usr/share/rvm/rubies/ruby-2.5.1/lib -Wl,-rpath,/usr/share/rvm/rubies/ruby-2.5.1/lib -L. -fstack-protector -rdynamic -Wl,-export-dynamic -L/usr/lib/x86_64-linux-gnu -L/usr/lib/x86_64-linux-gnu -pthread     -lglib-2.0 -lgobject-2.0 -lglib-2.0 -lgthread-2.0 -Wl,-rpath,'/../lib' -Wl,-rpath,'/../lib' -lruby  -lglib-2.0 -lgobject-2.0 -lglib-2.0 -lgthread-2.0 -lpthread -lgmp -ldl -lcrypt -lm   -lc"
checked program was:
/* begin */
 1: #include "ruby.h"
 2: 
 3: #include <ruby.h>
 4: 
 5: /*top*/
 6: extern int t(void);
 7: int main(int argc, char **argv)
 8: {
 9:   if (argc > 1000000) {
10:     printf("%p", &t);
11:   }
12: 
13:   return 0;
14: }
15: int t(void) { void ((*volatile p)()); p = (void ((*)()))rb_errinfo; return !p; }
/* end */

--------------------

have_func: checking for rb_thread_call_without_gvl() in ruby.h... -------------------- yes

"gcc -o conftest -I/usr/share/rvm/rubies/ruby-2.5.1/include/ruby-2.5.0/x86_64-linux -I/usr/share/rvm/rubies/ruby-2.5.1/include/ruby-2.5.0/ruby/backward -I/usr/share/rvm/rubies/ruby-2.5.1/include/ruby-2.5.0 -I. -I./.gem.20200915-11403-nla10s  -I/usr/share/rvm/rubies/ruby-2.5.1/lib/ruby/vendor_ruby/2.5.0/x86_64-linux  -I/usr/include/glib-2.0 -I/usr/lib/x86_64-linux-gnu/glib-2.0/include -I/usr/include/glib-2.0 -I/usr/lib/x86_64-linux-gnu/glib-2.0/include    -O3 -ggdb3 -Wall -Wextra -Wno-unused-parameter -Wno-parentheses -Wno-long-long -Wno-missing-field-initializers -Wno-tautological-compare -Wno-parentheses-equality -Wno-constant-logical-operand -Wno-self-assign -Wunused-variable -Wimplicit-int -Wpointer-arith -Wwrite-strings -Wdeclaration-after-statement -Wimplicit-function-declaration -Wdeprecated-declarations -Wmisleading-indentation -Wno-packed-bitfield-compat -Wsuggest-attribute=noreturn -Wsuggest-attribute=format -Wimplicit-fallthrough=0 -Wduplicated-cond -Wrestrict  -fPIC -Wall -Waggregate-return -Wcast-align -Wextra -Wformat=2 -Winit-self -Wlarger-than-65500 -Wmissing-declarations -Wmissing-format-attribute -Wmissing-include-dirs -Wmissing-noreturn -Wmissing-prototypes -Wnested-externs -Wold-style-definition -Wpacked -Wp,-D_FORTIFY_SOURCE=2 -Wpointer-arith -Wundef -Wunsafe-loop-optimizations -Wwrite-strings  -pthread conftest.c  -L. -L/usr/share/rvm/rubies/ruby-2.5.1/lib -Wl,-rpath,/usr/share/rvm/rubies/ruby-2.5.1/lib -L. -fstack-protector -rdynamic -Wl,-export-dynamic -L/usr/lib/x86_64-linux-gnu -L/usr/lib/x86_64-linux-gnu -pthread     -lglib-2.0 -lgobject-2.0 -lglib-2.0 -lgthread-2.0 -Wl,-rpath,'/../lib' -Wl,-rpath,'/../lib' -lruby  -lglib-2.0 -lgobject-2.0 -lglib-2.0 -lgthread-2.0 -lpthread -lgmp -ldl -lcrypt -lm   -lc"
conftest.c: In function ‘t’:
conftest.c:15:57: error: ‘rb_thread_call_without_gvl’ undeclared (first use in this function); did you mean ‘rb_thread_wait_for’?
 int t(void) { void ((*volatile p)()); p = (void ((*)()))rb_thread_call_without_gvl; return !p; }
                                                         ^~~~~~~~~~~~~~~~~~~~~~~~~~
                                                         rb_thread_wait_for
conftest.c:15:57: note: each undeclared identifier is reported only once for each function it appears in
conftest.c: At top level:
cc1: warning: unrecognized command line option ‘-Wno-self-assign’
cc1: warning: unrecognized command line option ‘-Wno-constant-logical-operand’
cc1: warning: unrecognized command line option ‘-Wno-parentheses-equality’
checked program was:
/* begin */
 1: #include "ruby.h"
 2: 
 3: #include <ruby.h>
 4: 
 5: /*top*/
 6: extern int t(void);
 7: int main(int argc, char **argv)
 8: {
 9:   if (argc > 1000000) {
10:     printf("%p", &t);
11:   }
12: 
13:   return 0;
14: }
15: int t(void) { void ((*volatile p)()); p = (void ((*)()))rb_thread_call_without_gvl; return !p; }
/* end */

"gcc -o conftest -I/usr/share/rvm/rubies/ruby-2.5.1/include/ruby-2.5.0/x86_64-linux -I/usr/share/rvm/rubies/ruby-2.5.1/include/ruby-2.5.0/ruby/backward -I/usr/share/rvm/rubies/ruby-2.5.1/include/ruby-2.5.0 -I. -I./.gem.20200915-11403-nla10s  -I/usr/share/rvm/rubies/ruby-2.5.1/lib/ruby/vendor_ruby/2.5.0/x86_64-linux  -I/usr/include/glib-2.0 -I/usr/lib/x86_64-linux-gnu/glib-2.0/include -I/usr/include/glib-2.0 -I/usr/lib/x86_64-linux-gnu/glib-2.0/include    -O3 -ggdb3 -Wall -Wextra -Wno-unused-parameter -Wno-parentheses -Wno-long-long -Wno-missing-field-initializers -Wno-tautological-compare -Wno-parentheses-equality -Wno-constant-logical-operand -Wno-self-assign -Wunused-variable -Wimplicit-int -Wpointer-arith -Wwrite-strings -Wdeclaration-after-statement -Wimplicit-function-declaration -Wdeprecated-declarations -Wmisleading-indentation -Wno-packed-bitfield-compat -Wsuggest-attribute=noreturn -Wsuggest-attribute=format -Wimplicit-fallthrough=0 -Wduplicated-cond -Wrestrict  -fPIC -Wall -Waggregate-return -Wcast-align -Wextra -Wformat=2 -Winit-self -Wlarger-than-65500 -Wmissing-declarations -Wmissing-format-attribute -Wmissing-include-dirs -Wmissing-noreturn -Wmissing-prototypes -Wnested-externs -Wold-style-definition -Wpacked -Wp,-D_FORTIFY_SOURCE=2 -Wpointer-arith -Wundef -Wunsafe-loop-optimizations -Wwrite-strings  -pthread conftest.c  -L. -L/usr/share/rvm/rubies/ruby-2.5.1/lib -Wl,-rpath,/usr/share/rvm/rubies/ruby-2.5.1/lib -L. -fstack-protector -rdynamic -Wl,-export-dynamic -L/usr/lib/x86_64-linux-gnu -L/usr/lib/x86_64-linux-gnu -pthread     -lglib-2.0 -lgobject-2.0 -lglib-2.0 -lgthread-2.0 -Wl,-rpath,'/../lib' -Wl,-rpath,'/../lib' -lruby  -lglib-2.0 -lgobject-2.0 -lglib-2.0 -lgthread-2.0 -lpthread -lgmp -ldl -lcrypt -lm   -lc"
checked program was:
/* begin */
 1: #include "ruby.h"
 2: 
 3: #include <ruby.h>
 4: 
 5: /*top*/
 6: extern int t(void);
 7: int main(int argc, char **argv)
 8: {
 9:   if (argc > 1000000) {
10:     printf("%p", &t);
11:   }
12: 
13:   return 0;
14: }
15: extern void rb_thread_call_without_gvl();
16: int t(void) { rb_thread_call_without_gvl(); return 0; }
/* end */

--------------------

have_func: checking for ruby_native_thread_p() in ruby.h... -------------------- yes

"gcc -o conftest -I/usr/share/rvm/rubies/ruby-2.5.1/include/ruby-2.5.0/x86_64-linux -I/usr/share/rvm/rubies/ruby-2.5.1/include/ruby-2.5.0/ruby/backward -I/usr/share/rvm/rubies/ruby-2.5.1/include/ruby-2.5.0 -I. -I./.gem.20200915-11403-nla10s  -I/usr/share/rvm/rubies/ruby-2.5.1/lib/ruby/vendor_ruby/2.5.0/x86_64-linux  -I/usr/include/glib-2.0 -I/usr/lib/x86_64-linux-gnu/glib-2.0/include -I/usr/include/glib-2.0 -I/usr/lib/x86_64-linux-gnu/glib-2.0/include    -O3 -ggdb3 -Wall -Wextra -Wno-unused-parameter -Wno-parentheses -Wno-long-long -Wno-missing-field-initializers -Wno-tautological-compare -Wno-parentheses-equality -Wno-constant-logical-operand -Wno-self-assign -Wunused-variable -Wimplicit-int -Wpointer-arith -Wwrite-strings -Wdeclaration-after-statement -Wimplicit-function-declaration -Wdeprecated-declarations -Wmisleading-indentation -Wno-packed-bitfield-compat -Wsuggest-attribute=noreturn -Wsuggest-attribute=format -Wimplicit-fallthrough=0 -Wduplicated-cond -Wrestrict  -fPIC -Wall -Waggregate-return -Wcast-align -Wextra -Wformat=2 -Winit-self -Wlarger-than-65500 -Wmissing-declarations -Wmissing-format-attribute -Wmissing-include-dirs -Wmissing-noreturn -Wmissing-prototypes -Wnested-externs -Wold-style-definition -Wpacked -Wp,-D_FORTIFY_SOURCE=2 -Wpointer-arith -Wundef -Wunsafe-loop-optimizations -Wwrite-strings  -pthread conftest.c  -L. -L/usr/share/rvm/rubies/ruby-2.5.1/lib -Wl,-rpath,/usr/share/rvm/rubies/ruby-2.5.1/lib -L. -fstack-protector -rdynamic -Wl,-export-dynamic -L/usr/lib/x86_64-linux-gnu -L/usr/lib/x86_64-linux-gnu -pthread     -lglib-2.0 -lgobject-2.0 -lglib-2.0 -lgthread-2.0 -Wl,-rpath,'/../lib' -Wl,-rpath,'/../lib' -lruby  -lglib-2.0 -lgobject-2.0 -lglib-2.0 -lgthread-2.0 -lpthread -lgmp -ldl -lcrypt -lm   -lc"
checked program was:
/* begin */
 1: #include "ruby.h"
 2: 
 3: #include <ruby.h>
 4: 
 5: /*top*/
 6: extern int t(void);
 7: int main(int argc, char **argv)
 8: {
 9:   if (argc > 1000000) {
10:     printf("%p", &t);
11:   }
12: 
13:   return 0;
14: }
15: int t(void) { void ((*volatile p)()); p = (void ((*)()))ruby_native_thread_p; return !p; }
/* end */

--------------------

have_func: checking for rb_thread_call_with_gvl() in ruby.h... -------------------- yes

"gcc -o conftest -I/usr/share/rvm/rubies/ruby-2.5.1/include/ruby-2.5.0/x86_64-linux -I/usr/share/rvm/rubies/ruby-2.5.1/include/ruby-2.5.0/ruby/backward -I/usr/share/rvm/rubies/ruby-2.5.1/include/ruby-2.5.0 -I. -I./.gem.20200915-11403-nla10s  -I/usr/share/rvm/rubies/ruby-2.5.1/lib/ruby/vendor_ruby/2.5.0/x86_64-linux  -I/usr/include/glib-2.0 -I/usr/lib/x86_64-linux-gnu/glib-2.0/include -I/usr/include/glib-2.0 -I/usr/lib/x86_64-linux-gnu/glib-2.0/include    -O3 -ggdb3 -Wall -Wextra -Wno-unused-parameter -Wno-parentheses -Wno-long-long -Wno-missing-field-initializers -Wno-tautological-compare -Wno-parentheses-equality -Wno-constant-logical-operand -Wno-self-assign -Wunused-variable -Wimplicit-int -Wpointer-arith -Wwrite-strings -Wdeclaration-after-statement -Wimplicit-function-declaration -Wdeprecated-declarations -Wmisleading-indentation -Wno-packed-bitfield-compat -Wsuggest-attribute=noreturn -Wsuggest-attribute=format -Wimplicit-fallthrough=0 -Wduplicated-cond -Wrestrict  -fPIC -Wall -Waggregate-return -Wcast-align -Wextra -Wformat=2 -Winit-self -Wlarger-than-65500 -Wmissing-declarations -Wmissing-format-attribute -Wmissing-include-dirs -Wmissing-noreturn -Wmissing-prototypes -Wnested-externs -Wold-style-definition -Wpacked -Wp,-D_FORTIFY_SOURCE=2 -Wpointer-arith -Wundef -Wunsafe-loop-optimizations -Wwrite-strings  -pthread conftest.c  -L. -L/usr/share/rvm/rubies/ruby-2.5.1/lib -Wl,-rpath,/usr/share/rvm/rubies/ruby-2.5.1/lib -L. -fstack-protector -rdynamic -Wl,-export-dynamic -L/usr/lib/x86_64-linux-gnu -L/usr/lib/x86_64-linux-gnu -pthread     -lglib-2.0 -lgobject-2.0 -lglib-2.0 -lgthread-2.0 -Wl,-rpath,'/../lib' -Wl,-rpath,'/../lib' -lruby  -lglib-2.0 -lgobject-2.0 -lglib-2.0 -lgthread-2.0 -lpthread -lgmp -ldl -lcrypt -lm   -lc"
conftest.c: In function ‘t’:
conftest.c:15:57: error: ‘rb_thread_call_with_gvl’ undeclared (first use in this function); did you mean ‘rb_thread_wait_for’?
 int t(void) { void ((*volatile p)()); p = (void ((*)()))rb_thread_call_with_gvl; return !p; }
                                                         ^~~~~~~~~~~~~~~~~~~~~~~
                                                         rb_thread_wait_for
conftest.c:15:57: note: each undeclared identifier is reported only once for each function it appears in
conftest.c: At top level:
cc1: warning: unrecognized command line option ‘-Wno-self-assign’
cc1: warning: unrecognized command line option ‘-Wno-constant-logical-operand’
cc1: warning: unrecognized command line option ‘-Wno-parentheses-equality’
checked program was:
/* begin */
 1: #include "ruby.h"
 2: 
 3: #include <ruby.h>
 4: 
 5: /*top*/
 6: extern int t(void);
 7: int main(int argc, char **argv)
 8: {
 9:   if (argc > 1000000) {
10:     printf("%p", &t);
11:   }
12: 
13:   return 0;
14: }
15: int t(void) { void ((*volatile p)()); p = (void ((*)()))rb_thread_call_with_gvl; return !p; }
/* end */

"gcc -o conftest -I/usr/share/rvm/rubies/ruby-2.5.1/include/ruby-2.5.0/x86_64-linux -I/usr/share/rvm/rubies/ruby-2.5.1/include/ruby-2.5.0/ruby/backward -I/usr/share/rvm/rubies/ruby-2.5.1/include/ruby-2.5.0 -I. -I./.gem.20200915-11403-nla10s  -I/usr/share/rvm/rubies/ruby-2.5.1/lib/ruby/vendor_ruby/2.5.0/x86_64-linux  -I/usr/include/glib-2.0 -I/usr/lib/x86_64-linux-gnu/glib-2.0/include -I/usr/include/glib-2.0 -I/usr/lib/x86_64-linux-gnu/glib-2.0/include    -O3 -ggdb3 -Wall -Wextra -Wno-unused-parameter -Wno-parentheses -Wno-long-long -Wno-missing-field-initializers -Wno-tautological-compare -Wno-parentheses-equality -Wno-constant-logical-operand -Wno-self-assign -Wunused-variable -Wimplicit-int -Wpointer-arith -Wwrite-strings -Wdeclaration-after-statement -Wimplicit-function-declaration -Wdeprecated-declarations -Wmisleading-indentation -Wno-packed-bitfield-compat -Wsuggest-attribute=noreturn -Wsuggest-attribute=format -Wimplicit-fallthrough=0 -Wduplicated-cond -Wrestrict  -fPIC -Wall -Waggregate-return -Wcast-align -Wextra -Wformat=2 -Winit-self -Wlarger-than-65500 -Wmissing-declarations -Wmissing-format-attribute -Wmissing-include-dirs -Wmissing-noreturn -Wmissing-prototypes -Wnested-externs -Wold-style-definition -Wpacked -Wp,-D_FORTIFY_SOURCE=2 -Wpointer-arith -Wundef -Wunsafe-loop-optimizations -Wwrite-strings  -pthread conftest.c  -L. -L/usr/share/rvm/rubies/ruby-2.5.1/lib -Wl,-rpath,/usr/share/rvm/rubies/ruby-2.5.1/lib -L. -fstack-protector -rdynamic -Wl,-export-dynamic -L/usr/lib/x86_64-linux-gnu -L/usr/lib/x86_64-linux-gnu -pthread     -lglib-2.0 -lgobject-2.0 -lglib-2.0 -lgthread-2.0 -Wl,-rpath,'/../lib' -Wl,-rpath,'/../lib' -lruby  -lglib-2.0 -lgobject-2.0 -lglib-2.0 -lgthread-2.0 -lpthread -lgmp -ldl -lcrypt -lm   -lc"
checked program was:
/* begin */
 1: #include "ruby.h"
 2: 
 3: #include <ruby.h>
 4: 
 5: /*top*/
 6: extern int t(void);
 7: int main(int argc, char **argv)
 8: {
 9:   if (argc > 1000000) {
10:     printf("%p", &t);
11:   }
12: 
13:   return 0;
14: }
15: extern void rb_thread_call_with_gvl();
16: int t(void) { rb_thread_call_with_gvl(); return 0; }
/* end */

--------------------

have_func: checking for rb_gc_register_mark_object() in ruby.h... -------------------- yes

"gcc -o conftest -I/usr/share/rvm/rubies/ruby-2.5.1/include/ruby-2.5.0/x86_64-linux -I/usr/share/rvm/rubies/ruby-2.5.1/include/ruby-2.5.0/ruby/backward -I/usr/share/rvm/rubies/ruby-2.5.1/include/ruby-2.5.0 -I. -I./.gem.20200915-11403-nla10s  -I/usr/share/rvm/rubies/ruby-2.5.1/lib/ruby/vendor_ruby/2.5.0/x86_64-linux  -I/usr/include/glib-2.0 -I/usr/lib/x86_64-linux-gnu/glib-2.0/include -I/usr/include/glib-2.0 -I/usr/lib/x86_64-linux-gnu/glib-2.0/include    -O3 -ggdb3 -Wall -Wextra -Wno-unused-parameter -Wno-parentheses -Wno-long-long -Wno-missing-field-initializers -Wno-tautological-compare -Wno-parentheses-equality -Wno-constant-logical-operand -Wno-self-assign -Wunused-variable -Wimplicit-int -Wpointer-arith -Wwrite-strings -Wdeclaration-after-statement -Wimplicit-function-declaration -Wdeprecated-declarations -Wmisleading-indentation -Wno-packed-bitfield-compat -Wsuggest-attribute=noreturn -Wsuggest-attribute=format -Wimplicit-fallthrough=0 -Wduplicated-cond -Wrestrict  -fPIC -Wall -Waggregate-return -Wcast-align -Wextra -Wformat=2 -Winit-self -Wlarger-than-65500 -Wmissing-declarations -Wmissing-format-attribute -Wmissing-include-dirs -Wmissing-noreturn -Wmissing-prototypes -Wnested-externs -Wold-style-definition -Wpacked -Wp,-D_FORTIFY_SOURCE=2 -Wpointer-arith -Wundef -Wunsafe-loop-optimizations -Wwrite-strings  -pthread conftest.c  -L. -L/usr/share/rvm/rubies/ruby-2.5.1/lib -Wl,-rpath,/usr/share/rvm/rubies/ruby-2.5.1/lib -L. -fstack-protector -rdynamic -Wl,-export-dynamic -L/usr/lib/x86_64-linux-gnu -L/usr/lib/x86_64-linux-gnu -pthread     -lglib-2.0 -lgobject-2.0 -lglib-2.0 -lgthread-2.0 -Wl,-rpath,'/../lib' -Wl,-rpath,'/../lib' -lruby  -lglib-2.0 -lgobject-2.0 -lglib-2.0 -lgthread-2.0 -lpthread -lgmp -ldl -lcrypt -lm   -lc"
checked program was:
/* begin */
 1: #include "ruby.h"
 2: 
 3: #include <ruby.h>
 4: 
 5: /*top*/
 6: extern int t(void);
 7: int main(int argc, char **argv)
 8: {
 9:   if (argc > 1000000) {
10:     printf("%p", &t);
11:   }
12: 
13:   return 0;
14: }
15: int t(void) { void ((*volatile p)()); p = (void ((*)()))rb_gc_register_mark_object; return !p; }
/* end */

--------------------

have_func: checking for rb_exc_new_str() in ruby.h... -------------------- yes

"gcc -o conftest -I/usr/share/rvm/rubies/ruby-2.5.1/include/ruby-2.5.0/x86_64-linux -I/usr/share/rvm/rubies/ruby-2.5.1/include/ruby-2.5.0/ruby/backward -I/usr/share/rvm/rubies/ruby-2.5.1/include/ruby-2.5.0 -I. -I./.gem.20200915-11403-nla10s  -I/usr/share/rvm/rubies/ruby-2.5.1/lib/ruby/vendor_ruby/2.5.0/x86_64-linux  -I/usr/include/glib-2.0 -I/usr/lib/x86_64-linux-gnu/glib-2.0/include -I/usr/include/glib-2.0 -I/usr/lib/x86_64-linux-gnu/glib-2.0/include    -O3 -ggdb3 -Wall -Wextra -Wno-unused-parameter -Wno-parentheses -Wno-long-long -Wno-missing-field-initializers -Wno-tautological-compare -Wno-parentheses-equality -Wno-constant-logical-operand -Wno-self-assign -Wunused-variable -Wimplicit-int -Wpointer-arith -Wwrite-strings -Wdeclaration-after-statement -Wimplicit-function-declaration -Wdeprecated-declarations -Wmisleading-indentation -Wno-packed-bitfield-compat -Wsuggest-attribute=noreturn -Wsuggest-attribute=format -Wimplicit-fallthrough=0 -Wduplicated-cond -Wrestrict  -fPIC -Wall -Waggregate-return -Wcast-align -Wextra -Wformat=2 -Winit-self -Wlarger-than-65500 -Wmissing-declarations -Wmissing-format-attribute -Wmissing-include-dirs -Wmissing-noreturn -Wmissing-prototypes -Wnested-externs -Wold-style-definition -Wpacked -Wp,-D_FORTIFY_SOURCE=2 -Wpointer-arith -Wundef -Wunsafe-loop-optimizations -Wwrite-strings  -pthread conftest.c  -L. -L/usr/share/rvm/rubies/ruby-2.5.1/lib -Wl,-rpath,/usr/share/rvm/rubies/ruby-2.5.1/lib -L. -fstack-protector -rdynamic -Wl,-export-dynamic -L/usr/lib/x86_64-linux-gnu -L/usr/lib/x86_64-linux-gnu -pthread     -lglib-2.0 -lgobject-2.0 -lglib-2.0 -lgthread-2.0 -Wl,-rpath,'/../lib' -Wl,-rpath,'/../lib' -lruby  -lglib-2.0 -lgobject-2.0 -lglib-2.0 -lgthread-2.0 -lpthread -lgmp -ldl -lcrypt -lm   -lc"
checked program was:
/* begin */
 1: #include "ruby.h"
 2: 
 3: #include <ruby.h>
 4: 
 5: /*top*/
 6: extern int t(void);
 7: int main(int argc, char **argv)
 8: {
 9:   if (argc > 1000000) {
10:     printf("%p", &t);
11:   }
12: 
13:   return 0;
14: }
15: int t(void) { void ((*volatile p)()); p = (void ((*)()))rb_exc_new_str; return !p; }
/* end */

--------------------

have_func: checking for rb_enc_str_new_static() in ruby.h... -------------------- yes

"gcc -o conftest -I/usr/share/rvm/rubies/ruby-2.5.1/include/ruby-2.5.0/x86_64-linux -I/usr/share/rvm/rubies/ruby-2.5.1/include/ruby-2.5.0/ruby/backward -I/usr/share/rvm/rubies/ruby-2.5.1/include/ruby-2.5.0 -I. -I./.gem.20200915-11403-nla10s  -I/usr/share/rvm/rubies/ruby-2.5.1/lib/ruby/vendor_ruby/2.5.0/x86_64-linux  -I/usr/include/glib-2.0 -I/usr/lib/x86_64-linux-gnu/glib-2.0/include -I/usr/include/glib-2.0 -I/usr/lib/x86_64-linux-gnu/glib-2.0/include    -O3 -ggdb3 -Wall -Wextra -Wno-unused-parameter -Wno-parentheses -Wno-long-long -Wno-missing-field-initializers -Wno-tautological-compare -Wno-parentheses-equality -Wno-constant-logical-operand -Wno-self-assign -Wunused-variable -Wimplicit-int -Wpointer-arith -Wwrite-strings -Wdeclaration-after-statement -Wimplicit-function-declaration -Wdeprecated-declarations -Wmisleading-indentation -Wno-packed-bitfield-compat -Wsuggest-attribute=noreturn -Wsuggest-attribute=format -Wimplicit-fallthrough=0 -Wduplicated-cond -Wrestrict  -fPIC -Wall -Waggregate-return -Wcast-align -Wextra -Wformat=2 -Winit-self -Wlarger-than-65500 -Wmissing-declarations -Wmissing-format-attribute -Wmissing-include-dirs -Wmissing-noreturn -Wmissing-prototypes -Wnested-externs -Wold-style-definition -Wpacked -Wp,-D_FORTIFY_SOURCE=2 -Wpointer-arith -Wundef -Wunsafe-loop-optimizations -Wwrite-strings  -pthread conftest.c  -L. -L/usr/share/rvm/rubies/ruby-2.5.1/lib -Wl,-rpath,/usr/share/rvm/rubies/ruby-2.5.1/lib -L. -fstack-protector -rdynamic -Wl,-export-dynamic -L/usr/lib/x86_64-linux-gnu -L/usr/lib/x86_64-linux-gnu -pthread     -lglib-2.0 -lgobject-2.0 -lglib-2.0 -lgthread-2.0 -Wl,-rpath,'/../lib' -Wl,-rpath,'/../lib' -lruby  -lglib-2.0 -lgobject-2.0 -lglib-2.0 -lgthread-2.0 -lpthread -lgmp -ldl -lcrypt -lm   -lc"
conftest.c: In function ‘t’:
conftest.c:15:57: error: ‘rb_enc_str_new_static’ undeclared (first use in this function); did you mean ‘rb_utf8_str_new_static’?
 int t(void) { void ((*volatile p)()); p = (void ((*)()))rb_enc_str_new_static; return !p; }
                                                         ^~~~~~~~~~~~~~~~~~~~~
                                                         rb_utf8_str_new_static
conftest.c:15:57: note: each undeclared identifier is reported only once for each function it appears in
conftest.c: At top level:
cc1: warning: unrecognized command line option ‘-Wno-self-assign’
cc1: warning: unrecognized command line option ‘-Wno-constant-logical-operand’
cc1: warning: unrecognized command line option ‘-Wno-parentheses-equality’
checked program was:
/* begin */
 1: #include "ruby.h"
 2: 
 3: #include <ruby.h>
 4: 
 5: /*top*/
 6: extern int t(void);
 7: int main(int argc, char **argv)
 8: {
 9:   if (argc > 1000000) {
10:     printf("%p", &t);
11:   }
12: 
13:   return 0;
14: }
15: int t(void) { void ((*volatile p)()); p = (void ((*)()))rb_enc_str_new_static; return !p; }
/* end */

"gcc -o conftest -I/usr/share/rvm/rubies/ruby-2.5.1/include/ruby-2.5.0/x86_64-linux -I/usr/share/rvm/rubies/ruby-2.5.1/include/ruby-2.5.0/ruby/backward -I/usr/share/rvm/rubies/ruby-2.5.1/include/ruby-2.5.0 -I. -I./.gem.20200915-11403-nla10s  -I/usr/share/rvm/rubies/ruby-2.5.1/lib/ruby/vendor_ruby/2.5.0/x86_64-linux  -I/usr/include/glib-2.0 -I/usr/lib/x86_64-linux-gnu/glib-2.0/include -I/usr/include/glib-2.0 -I/usr/lib/x86_64-linux-gnu/glib-2.0/include    -O3 -ggdb3 -Wall -Wextra -Wno-unused-parameter -Wno-parentheses -Wno-long-long -Wno-missing-field-initializers -Wno-tautological-compare -Wno-parentheses-equality -Wno-constant-logical-operand -Wno-self-assign -Wunused-variable -Wimplicit-int -Wpointer-arith -Wwrite-strings -Wdeclaration-after-statement -Wimplicit-function-declaration -Wdeprecated-declarations -Wmisleading-indentation -Wno-packed-bitfield-compat -Wsuggest-attribute=noreturn -Wsuggest-attribute=format -Wimplicit-fallthrough=0 -Wduplicated-cond -Wrestrict  -fPIC -Wall -Waggregate-return -Wcast-align -Wextra -Wformat=2 -Winit-self -Wlarger-than-65500 -Wmissing-declarations -Wmissing-format-attribute -Wmissing-include-dirs -Wmissing-noreturn -Wmissing-prototypes -Wnested-externs -Wold-style-definition -Wpacked -Wp,-D_FORTIFY_SOURCE=2 -Wpointer-arith -Wundef -Wunsafe-loop-optimizations -Wwrite-strings  -pthread conftest.c  -L. -L/usr/share/rvm/rubies/ruby-2.5.1/lib -Wl,-rpath,/usr/share/rvm/rubies/ruby-2.5.1/lib -L. -fstack-protector -rdynamic -Wl,-export-dynamic -L/usr/lib/x86_64-linux-gnu -L/usr/lib/x86_64-linux-gnu -pthread     -lglib-2.0 -lgobject-2.0 -lglib-2.0 -lgthread-2.0 -Wl,-rpath,'/../lib' -Wl,-rpath,'/../lib' -lruby  -lglib-2.0 -lgobject-2.0 -lglib-2.0 -lgthread-2.0 -lpthread -lgmp -ldl -lcrypt -lm   -lc"
checked program was:
/* begin */
 1: #include "ruby.h"
 2: 
 3: #include <ruby.h>
 4: 
 5: /*top*/
 6: extern int t(void);
 7: int main(int argc, char **argv)
 8: {
 9:   if (argc > 1000000) {
10:     printf("%p", &t);
11:   }
12: 
13:   return 0;
14: }
15: extern void rb_enc_str_new_static();
16: int t(void) { rb_enc_str_new_static(); return 0; }
/* end */

--------------------

have_var: checking for curr_thread in ruby.h,node.h... -------------------- no

"gcc -I/usr/share/rvm/rubies/ruby-2.5.1/include/ruby-2.5.0/x86_64-linux -I/usr/share/rvm/rubies/ruby-2.5.1/include/ruby-2.5.0/ruby/backward -I/usr/share/rvm/rubies/ruby-2.5.1/include/ruby-2.5.0 -I. -I./.gem.20200915-11403-nla10s  -I/usr/share/rvm/rubies/ruby-2.5.1/lib/ruby/vendor_ruby/2.5.0/x86_64-linux  -I/usr/include/glib-2.0 -I/usr/lib/x86_64-linux-gnu/glib-2.0/include -I/usr/include/glib-2.0 -I/usr/lib/x86_64-linux-gnu/glib-2.0/include    -O3 -ggdb3 -Wall -Wextra -Wno-unused-parameter -Wno-parentheses -Wno-long-long -Wno-missing-field-initializers -Wno-tautological-compare -Wno-parentheses-equality -Wno-constant-logical-operand -Wno-self-assign -Wunused-variable -Wimplicit-int -Wpointer-arith -Wwrite-strings -Wdeclaration-after-statement -Wimplicit-function-declaration -Wdeprecated-declarations -Wmisleading-indentation -Wno-packed-bitfield-compat -Wsuggest-attribute=noreturn -Wsuggest-attribute=format -Wimplicit-fallthrough=0 -Wduplicated-cond -Wrestrict  -fPIC -Wall -Waggregate-return -Wcast-align -Wextra -Wformat=2 -Winit-self -Wlarger-than-65500 -Wmissing-declarations -Wmissing-format-attribute -Wmissing-include-dirs -Wmissing-noreturn -Wmissing-prototypes -Wnested-externs -Wold-style-definition -Wpacked -Wp,-D_FORTIFY_SOURCE=2 -Wpointer-arith -Wundef -Wunsafe-loop-optimizations -Wwrite-strings  -pthread   -c conftest.c"
conftest.c:4:10: fatal error: node.h: No such file or directory
 #include <node.h>
          ^~~~~~~~
compilation terminated.
checked program was:
/* begin */
 1: #include "ruby.h"
 2: 
 3: #include <ruby.h>
 4: #include <node.h>
 5: 
 6: /*top*/
 7: extern int t(void);
 8: int main(int argc, char **argv)
 9: {
10:   if (argc > 1000000) {
11:     printf("%p", &t);
12:   }
13: 
14:   return 0;
15: }
16: int t(void) { const volatile void *volatile p; p = &(&curr_thread)[0]; return !p; }
/* end */

--------------------

have_var: checking for rb_curr_thread in ruby.h,node.h... -------------------- no

"gcc -I/usr/share/rvm/rubies/ruby-2.5.1/include/ruby-2.5.0/x86_64-linux -I/usr/share/rvm/rubies/ruby-2.5.1/include/ruby-2.5.0/ruby/backward -I/usr/share/rvm/rubies/ruby-2.5.1/include/ruby-2.5.0 -I. -I./.gem.20200915-11403-nla10s  -I/usr/share/rvm/rubies/ruby-2.5.1/lib/ruby/vendor_ruby/2.5.0/x86_64-linux  -I/usr/include/glib-2.0 -I/usr/lib/x86_64-linux-gnu/glib-2.0/include -I/usr/include/glib-2.0 -I/usr/lib/x86_64-linux-gnu/glib-2.0/include    -O3 -ggdb3 -Wall -Wextra -Wno-unused-parameter -Wno-parentheses -Wno-long-long -Wno-missing-field-initializers -Wno-tautological-compare -Wno-parentheses-equality -Wno-constant-logical-operand -Wno-self-assign -Wunused-variable -Wimplicit-int -Wpointer-arith -Wwrite-strings -Wdeclaration-after-statement -Wimplicit-function-declaration -Wdeprecated-declarations -Wmisleading-indentation -Wno-packed-bitfield-compat -Wsuggest-attribute=noreturn -Wsuggest-attribute=format -Wimplicit-fallthrough=0 -Wduplicated-cond -Wrestrict  -fPIC -Wall -Waggregate-return -Wcast-align -Wextra -Wformat=2 -Winit-self -Wlarger-than-65500 -Wmissing-declarations -Wmissing-format-attribute -Wmissing-include-dirs -Wmissing-noreturn -Wmissing-prototypes -Wnested-externs -Wold-style-definition -Wpacked -Wp,-D_FORTIFY_SOURCE=2 -Wpointer-arith -Wundef -Wunsafe-loop-optimizations -Wwrite-strings  -pthread   -c conftest.c"
conftest.c:4:10: fatal error: node.h: No such file or directory
 #include <node.h>
          ^~~~~~~~
compilation terminated.
checked program was:
/* begin */
 1: #include "ruby.h"
 2: 
 3: #include <ruby.h>
 4: #include <node.h>
 5: 
 6: /*top*/
 7: extern int t(void);
 8: int main(int argc, char **argv)
 9: {
10:   if (argc > 1000000) {
11:     printf("%p", &t);
12:   }
13: 
14:   return 0;
15: }
16: int t(void) { const volatile void *volatile p; p = &(&rb_curr_thread)[0]; return !p; }
/* end */

--------------------

